<?xml version="1.0" encoding="UTF-8"?>
<!-- Generated by org.testng.reporters.JUnitReportReporter -->
<testsuite hostname="chauthai" failures="0" tests="1" name="pangiamHomePage.PangiamHomePageTest" time="11.721" errors="0" timestamp="2022-10-30T23:43:18 EDT" skipped="0">
  <testcase classname="pangiamHomePage.PangiamHomePageTest" name="UserLaunchWebPage" time="11.721"/>
  <system-out/>
</testsuite> <!-- pangiamHomePage.PangiamHomePageTest -->
