<?xml version="1.0" encoding="UTF-8"?>
<!-- Generated by org.testng.reporters.JUnitReportReporter -->
<testsuite hostname="chauthai" failures="0" tests="1" name="pangiamHomePage.PangiamHomePageTest" time="1.789" errors="0" timestamp="2022-11-01T23:41:26 EDT" skipped="0">
  <testcase classname="pangiamHomePage.PangiamHomePageTest" name="UserLaunchWebPage" time="1.789"/>
  <system-out/>
</testsuite> <!-- pangiamHomePage.PangiamHomePageTest -->
